<?xml version="1.0" encoding="UTF-8"?>
<testsuite xmlns:xsi="http://www.w3.org/2001/XMLSchema-instance" xsi:noNamespaceSchemaLocation="https://maven.apache.org/surefire/maven-surefire-plugin/xsd/surefire-test-report-3.0.xsd" version="3.0" name="com.parkit.parkingsystem.mockito.ParkingServiceTest" time="0.66" tests="6" errors="0" skipped="0" failures="0">
  <properties>
[...]
</properties>
  <testcase name="testGetNextParkingNumberIfAvailableParkingNumberNotFound" classname="com.parkit.parkingsystem.mockito.ParkingServiceTest" time="0.131"/>
  <testcase name="processExitingVehicleTestUnableUpdate" classname="com.parkit.parkingsystem.mockito.ParkingServiceTest" time="0.007"/>
  <testcase name="testGetNextParkingNumberIfAvailableParkingNumberWrongArgument" classname="com.parkit.parkingsystem.mockito.ParkingServiceTest" time="0.427"/>
  <testcase name="testGetNextParkingNumberIfAvailable" classname="com.parkit.parkingsystem.mockito.ParkingServiceTest" time="0.04"/>
  <testcase name="processExitingVehicleTest" classname="com.parkit.parkingsystem.mockito.ParkingServiceTest" time="0.011"/>
  <testcase name="testProcessIncomingVehicle" classname="com.parkit.parkingsystem.mockito.ParkingServiceTest" time="0.025"/>
</testsuite>