<?xml version="1.0" encoding="UTF-8"?>
<testsuite xmlns:xsi="http://www.w3.org/2001/XMLSchema-instance" xsi:noNamespaceSchemaLocation="https://maven.apache.org/surefire/maven-surefire-plugin/xsd/surefire-test-report-3.0.xsd" version="3.0" name="com.parkit.parkingsystem.mockito.TicketDAOTest" time="0" tests="4" errors="0" skipped="0" failures="0">
  <properties>
[...]
</properties>
  <testcase name="testGetNbTicket" classname="com.parkit.parkingsystem.mockito.TicketDAOTest" time="0"/>
  <testcase name="testUpdateTicket" classname="com.parkit.parkingsystem.mockito.TicketDAOTest" time="0"/>
  <testcase name="testSaveTicket" classname="com.parkit.parkingsystem.mockito.TicketDAOTest" time="0"/>
  <testcase name="testGetTicket" classname="com.parkit.parkingsystem.mockito.TicketDAOTest" time="0"/>
</testsuite>